app/build/outputs/logs/manifest-merger-debug-report.txt
-- Merging decision tree log ---
manifest
ADDED from src\main\AndroidManifest.xml:2:1-213:12
INJECTED from src\main\AndroidManifest.xml:2:1-213:12
INJECTED from src\main\AndroidManifest.xml:2:1-213:12
INJECTED from src\main\AndroidManifest.xml:2:1-213:12
MERGED from [com.android.support:design:25.0.1] AndroidManifest.xml:17:1-27:12
MERGED from [com.mikepenz:materialdrawer:4.6.4] AndroidManifest.xml:2:1-12:12
MERGED from [com.afollestad:material-camera:0.4.4] AndroidManifest.xml:2:1-14:12
MERGED from [com.mikepenz:materialize:0.5.1] AndroidManifest.xml:2:1-12:12
MERGED from [com.mikepenz:iconics-core:2.5.4] AndroidManifest.xml:2:1-12:12
MERGED from [com.afollestad:easyvideoplayer:0.3.0] AndroidManifest.xml:2:1-14:12
MERGED from [com.afollestad.material-dialogs:core:0.9.1.0] AndroidManifest.xml:2:1-15:12
MERGED from [com.google.android.gms:play-services:10.2.0] AndroidManifest.xml:2:1-6:12
MERGED from [com.google.android.gms:play-services-cast-framework:10.2.0] AndroidManifest.xml:2:1-9:12
MERGED from [com.google.android.gms:play-services-cast:10.2.0] AndroidManifest.xml:16:1-19:12
MERGED from [com.android.support:mediarouter-v7:24.0.0] AndroidManifest.xml:17:1-24:12
MERGED from [me.zhanghai.android.materialprogressbar:library:1.3.0] AndroidManifest.xml:6:1-16:12
MERGED from [com.android.support:appcompat-v7:25.0.1] AndroidManifest.xml:17:1-27:12
MERGED from [com.google.android.gms:play-services-analytics:10.2.0] AndroidManifest.xml:16:1-27:12
MERGED from [com.android.support:multidex:1.0.2] AndroidManifest.xml:17:1-22:12
MERGED from [com.crashlytics.sdk.android:crashlytics:2.6.5] AndroidManifest.xml:2:1-13:12
MERGED from [com.roomorama:caldroid:3.0.1] AndroidManifest.xml:2:1-11:12
MERGED from [com.github.delight-im:Android-SimpleLocation:v1.0.1] AndroidManifest.xml:2:1-11:12
MERGED from [com.android.support:cardview-v7:25.0.1] AndroidManifest.xml:17:1-24:12
MERGED from [com.android.support:recyclerview-v7:25.0.1] AndroidManifest.xml:17:1-22:12
MERGED from [com.github.gcacace:signature-pad:1.2.1] AndroidManifest.xml:2:1-13:12
MERGED from [com.github.lzyzsd:circleprogress:1.1.0] AndroidManifest.xml:2:1-11:12
MERGED from [com.mcxiaoke.volley:library-aar:1.0.0] AndroidManifest.xml:1:70-7:12
MERGED from [com.mindorks:paracamera:0.2.2] AndroidManifest.xml:2:1-27:12
MERGED from [com.android.support:transition:25.0.1] AndroidManifest.xml:17:1-24:12
MERGED from [com.google.android.gms:play-services-ads:10.2.0] AndroidManifest.xml:16:1-18:12
MERGED from [com.google.android.gms:play-services-ads-lite:10.2.0] AndroidManifest.xml:16:1-28:12
MERGED from [com.google.android.gms:play-services-tagmanager:10.2.0] AndroidManifest.xml:16:1-18:12
MERGED from [com.google.android.gms:play-services-tagmanager-v4-impl:10.2.0] AndroidManifest.xml:16:1-20:12
MERGED from [com.google.android.gms:play-services-analytics-impl:10.2.0] AndroidManifest.xml:16:1-27:12
MERGED from [com.google.android.gms:play-services-appinvite:10.2.0] AndroidManifest.xml:16:1-27:12
MERGED from [com.google.android.gms:play-services-auth:10.2.0] AndroidManifest.xml:16:1-26:12
MERGED from [com.google.android.gms:play-services-auth-base:10.2.0] AndroidManifest.xml:2:1-5:12
MERGED from [com.google.android.gms:play-services-clearcut:10.2.0] AndroidManifest.xml:16:1-19:12
MERGED from [com.google.firebase:firebase-config:10.2.0] AndroidManifest.xml:16:1-19:12
MERGED from [com.google.android.gms:play-services-awareness:10.2.0] AndroidManifest.xml:16:1-19:12
MERGED from [com.google.android.gms:play-services-games:10.2.0] AndroidManifest.xml:16:1-19:12
MERGED from [com.google.android.gms:play-services-drive:10.2.0] AndroidManifest.xml:16:1-19:12
MERGED from [com.google.firebase:firebase-auth:10.2.0] AndroidManifest.xml:16:1-21:12
MERGED from [com.google.android.gms:play-services-fitness:10.2.0] AndroidManifest.xml:16:1-19:12
MERGED from [com.google.android.gms:play-services-gcm:10.2.0] AndroidManifest.xml:16:1-24:12
MERGED from [com.google.firebase:firebase-appindexing:10.2.0] AndroidManifest.xml:16:1-19:12
MERGED from [com.google.android.gms:play-services-wallet:10.2.0] AndroidManifest.xml:16:1-20:12
MERGED from [com.google.android.gms:play-services-identity:10.2.0] AndroidManifest.xml:16:1-19:12
MERGED from [com.google.android.gms:play-services-iid:10.2.0] AndroidManifest.xml:16:1-24:12
MERGED from [com.google.android.gms:play-services-instantapps:10.2.0] AndroidManifest.xml:2:1-4:12
MERGED from [com.google.android.gms:play-services-location:10.2.0] AndroidManifest.xml:2:1-5:12
MERGED from [com.google.android.gms:play-services-places:10.2.0] AndroidManifest.xml:16:1-19:12
MERGED from [com.google.android.gms:play-services-maps:10.2.0] AndroidManifest.xml:16:1-25:12
MERGED from [com.google.android.gms:play-services-nearby:10.2.0] AndroidManifest.xml:2:1-6:12
MERGED from [com.google.android.gms:play-services-panorama:10.2.0] AndroidManifest.xml:16:1-19:12
MERGED from [com.google.android.gms:play-services-plus:10.2.0] AndroidManifest.xml:16:1-19:12
MERGED from [com.google.android.gms:play-services-safetynet:10.2.0] AndroidManifest.xml:16:1-19:12
MERGED from [com.google.android.gms:play-services-vision:10.2.0] AndroidManifest.xml:2:1-5:12
MERGED from [com.google.android.gms:play-services-wearable:10.2.0] AndroidManifest.xml:16:1-19:12
MERGED from [com.google.android.gms:play-services-base:10.2.0] AndroidManifest.xml:16:1-21:12
MERGED from [com.google.firebase:firebase-crash:10.2.0] AndroidManifest.xml:16:1-25:12
MERGED from [com.google.firebase:firebase-database:10.2.0] AndroidManifest.xml:2:1-4:12
MERGED from [com.google.firebase:firebase-database-connection:10.2.0] AndroidManifest.xml:2:1-4:12
MERGED from [com.google.firebase:firebase-messaging:10.2.0] AndroidManifest.xml:16:1-30:12
MERGED from [com.google.android.gms:play-services-tagmanager-api:10.2.0] AndroidManifest.xml:16:1-34:12
MERGED from [com.google.firebase:firebase-analytics:10.2.0] AndroidManifest.xml:16:1-34:12
MERGED from [com.google.firebase:firebase-analytics-impl:10.2.0] AndroidManifest.xml:16:1-29:12
MERGED from [com.google.firebase:firebase-iid:10.2.0] AndroidManifest.xml:16:1-51:12
MERGED from [com.google.firebase:firebase-storage:10.2.0] AndroidManifest.xml:2:1-4:12
MERGED from [com.google.firebase:firebase-storage-common:10.2.0] AndroidManifest.xml:2:1-4:12
MERGED from [com.google.firebase:firebase-common:10.2.0] AndroidManifest.xml:2:1-8:12
MERGED from [com.google.android.gms:play-services-gass:10.2.0] AndroidManifest.xml:2:1-5:12
MERGED from [com.google.android.gms:play-services-tasks:10.2.0] AndroidManifest.xml:2:1-5:12
MERGED from [com.google.android.gms:play-services-basement:10.2.0] AndroidManifest.xml:16:1-23:12
MERGED from [com.android.databinding:adapters:1.2.1] AndroidManifest.xml:17:1-26:12
MERGED from [com.android.databinding:library:1.2.1] AndroidManifest.xml:17:1-26:12
MERGED from [com.android.support:support-v13:25.0.0] AndroidManifest.xml:17:1-27:12
MERGED from [com.android.support:palette-v7:24.0.0] AndroidManifest.xml:17:1-25:12
MERGED from [com.android.support:support-v4:25.0.1] AndroidManifest.xml:17:1-27:12
MERGED from [com.android.support:animated-vector-drawable:25.0.1] AndroidManifest.xml:17:1-24:12
MERGED from [com.android.support:support-vector-drawable:25.0.1] AndroidManifest.xml:17:1-25:12
MERGED from [com.android.support:support-fragment:25.0.1] AndroidManifest.xml:17:1-27:12
MERGED from [com.android.support:support-core-ui:25.0.1] AndroidManifest.xml:17:1-27:12
MERGED from [com.android.support:support-media-compat:25.0.1] AndroidManifest.xml:17:1-27:12
MERGED from [com.android.support:support-core-utils:25.0.1] AndroidManifest.xml:17:1-27:12
MERGED from [com.android.support:support-compat:25.0.1] AndroidManifest.xml:17:1-27:12
MERGED from [com.crashlytics.sdk.android:beta:1.2.2] AndroidManifest.xml:2:1-13:12
MERGED from [com.crashlytics.sdk.android:crashlytics-core:2.3.14] AndroidManifest.xml:2:1-13:12
MERGED from [com.crashlytics.sdk.android:answers:1.3.10] AndroidManifest.xml:2:1-13:12
MERGED from [io.fabric.sdk.android:fabric:1.3.14] AndroidManifest.xml:18:1-29:12
INJECTED from src\main\AndroidManifest.xml:2:1-213:12
INJECTED from src\main\AndroidManifest.xml:2:1-213:12
INJECTED from src\main\AndroidManifest.xml:2:1-213:12
	package
		ADDED from src\main\AndroidManifest.xml:4:5-38
		INJECTED from src\main\AndroidManifest.xml
		INJECTED from src\main\AndroidManifest.xml
	android:versionName
		INJECTED from src\main\AndroidManifest.xml
		ADDED from src\main\AndroidManifest.xml:2:1-213:12
		INJECTED from src\main\AndroidManifest.xml
	xmlns:tools
		ADDED from src\main\AndroidManifest.xml:3:5-51
	android:versionCode
		INJECTED from src\main\AndroidManifest.xml
		ADDED from src\main\AndroidManifest.xml:2:1-213:12
		INJECTED from src\main\AndroidManifest.xml
	xmlns:android
		ADDED from src\main\AndroidManifest.xml:2:11-69
permission#com.ifconit.oyedelivery.permission.C2D_MESSAGE
ADDED from src\main\AndroidManifest.xml:6:5-8:47
MERGED from [com.google.firebase:firebase-iid:10.2.0] AndroidManifest.xml:24:5-109
	android:protectionLevel
		ADDED from src\main\AndroidManifest.xml:8:9-44
	android:name
		ADDED from src\main\AndroidManifest.xml:7:9-70
uses-permission#android.permission.WAKE_LOCK
ADDED from src\main\AndroidManifest.xml:11:8-71
MERGED from [com.google.android.gms:play-services-analytics:10.2.0] AndroidManifest.xml:24:5-67
MERGED from [com.google.android.gms:play-services-analytics:10.2.0] AndroidManifest.xml:24:5-67
MERGED from [com.google.android.gms:play-services-analytics-impl:10.2.0] AndroidManifest.xml:24:5-67
MERGED from [com.google.android.gms:play-services-analytics-impl:10.2.0] AndroidManifest.xml:24:5-67
MERGED from [com.google.firebase:firebase-analytics:10.2.0] AndroidManifest.xml:22:5-67
MERGED from [com.google.firebase:firebase-analytics:10.2.0] AndroidManifest.xml:22:5-67
MERGED from [com.google.firebase:firebase-analytics-impl:10.2.0] AndroidManifest.xml:22:5-67
MERGED from [com.google.firebase:firebase-analytics-impl:10.2.0] AndroidManifest.xml:22:5-67
MERGED from [com.google.firebase:firebase-iid:10.2.0] AndroidManifest.xml:21:5-67
MERGED from [com.google.firebase:firebase-iid:10.2.0] AndroidManifest.xml:21:5-67
	android:name
		ADDED from src\main\AndroidManifest.xml:11:25-68
uses-permission#android.permission.VIBRATE
ADDED from src\main\AndroidManifest.xml:12:8-69
	android:name
		ADDED from src\main\AndroidManifest.xml:12:25-66
uses-permission#com.ksinfotech.oyefood.permission.C2D_MESSAGE
ADDED from src\main\AndroidManifest.xml:13:8-88
	android:name
		ADDED from src\main\AndroidManifest.xml:13:25-85
uses-permission#com.google.android.c2dm.permission.RECEIVE
ADDED from src\main\AndroidManifest.xml:14:8-85
MERGED from [com.google.android.gms:play-services-gcm:10.2.0] AndroidManifest.xml:20:5-81
MERGED from [com.google.android.gms:play-services-gcm:10.2.0] AndroidManifest.xml:20:5-81
MERGED from [com.google.android.gms:play-services-iid:10.2.0] AndroidManifest.xml:20:5-81
MERGED from [com.google.android.gms:play-services-iid:10.2.0] AndroidManifest.xml:20:5-81
MERGED from [com.google.firebase:firebase-iid:10.2.0] AndroidManifest.xml:22:5-81
MERGED from [com.google.firebase:firebase-iid:10.2.0] AndroidManifest.xml:22:5-81
	android:name
		ADDED from src\main\AndroidManifest.xml:14:25-82
uses-permission#android.permission.INTERNET
ADDED from src\main\AndroidManifest.xml:16:5-67
MERGED from [com.google.android.gms:play-services-analytics:10.2.0] AndroidManifest.xml:20:5-66
MERGED from [com.google.android.gms:play-services-analytics:10.2.0] AndroidManifest.xml:20:5-66
MERGED from [com.crashlytics.sdk.android:crashlytics:2.6.5] AndroidManifest.xml:9:5-67
MERGED from [com.crashlytics.sdk.android:crashlytics:2.6.5] AndroidManifest.xml:9:5-67
MERGED from [com.google.android.gms:play-services-ads-lite:10.2.0] AndroidManifest.xml:19:5-66
MERGED from [com.google.android.gms:play-services-ads-lite:10.2.0] AndroidManifest.xml:19:5-66
MERGED from [com.google.android.gms:play-services-analytics-impl:10.2.0] AndroidManifest.xml:20:5-66
MERGED from [com.google.android.gms:play-services-analytics-impl:10.2.0] AndroidManifest.xml:20:5-66
MERGED from [com.google.android.gms:play-services-appinvite:10.2.0] AndroidManifest.xml:18:5-66
MERGED from [com.google.android.gms:play-services-appinvite:10.2.0] AndroidManifest.xml:18:5-66
MERGED from [com.google.android.gms:play-services-gcm:10.2.0] AndroidManifest.xml:21:5-66
MERGED from [com.google.android.gms:play-services-gcm:10.2.0] AndroidManifest.xml:21:5-66
MERGED from [com.google.android.gms:play-services-iid:10.2.0] AndroidManifest.xml:21:5-66
MERGED from [com.google.android.gms:play-services-iid:10.2.0] AndroidManifest.xml:21:5-66
MERGED from [com.google.android.gms:play-services-maps:10.2.0] AndroidManifest.xml:20:5-66
MERGED from [com.google.android.gms:play-services-maps:10.2.0] AndroidManifest.xml:20:5-66
MERGED from [com.google.firebase:firebase-crash:10.2.0] AndroidManifest.xml:18:5-66
MERGED from [com.google.firebase:firebase-crash:10.2.0] AndroidManifest.xml:18:5-66
MERGED from [com.google.android.gms:play-services-tagmanager-api:10.2.0] AndroidManifest.xml:20:5-66
MERGED from [com.google.android.gms:play-services-tagmanager-api:10.2.0] AndroidManifest.xml:20:5-66
MERGED from [com.google.firebase:firebase-analytics:10.2.0] AndroidManifest.xml:20:5-66
MERGED from [com.google.firebase:firebase-analytics:10.2.0] AndroidManifest.xml:20:5-66
MERGED from [com.google.firebase:firebase-analytics-impl:10.2.0] AndroidManifest.xml:20:5-66
MERGED from [com.google.firebase:firebase-analytics-impl:10.2.0] AndroidManifest.xml:20:5-66
MERGED from [com.google.firebase:firebase-iid:10.2.0] AndroidManifest.xml:20:5-66
MERGED from [com.google.firebase:firebase-iid:10.2.0] AndroidManifest.xml:20:5-66
MERGED from [com.crashlytics.sdk.android:beta:1.2.2] AndroidManifest.xml:9:5-67
MERGED from [com.crashlytics.sdk.android:beta:1.2.2] AndroidManifest.xml:9:5-67
MERGED from [com.crashlytics.sdk.android:crashlytics-core:2.3.14] AndroidManifest.xml:9:5-67
MERGED from [com.crashlytics.sdk.android:crashlytics-core:2.3.14] AndroidManifest.xml:9:5-67
MERGED from [com.crashlytics.sdk.android:answers:1.3.10] AndroidManifest.xml:9:5-67
MERGED from [com.crashlytics.sdk.android:answers:1.3.10] AndroidManifest.xml:9:5-67
MERGED from [io.fabric.sdk.android:fabric:1.3.14] AndroidManifest.xml:25:5-67
MERGED from [io.fabric.sdk.android:fabric:1.3.14] AndroidManifest.xml:25:5-67
	android:name
		ADDED from src\main\AndroidManifest.xml:16:22-64
uses-permission#android.permission.ACCESS_WIFI_STATE
ADDED from src\main\AndroidManifest.xml:17:5-76
	android:name
		ADDED from src\main\AndroidManifest.xml:17:22-73
uses-permission#android.permission.READ_PHONE_STATE
ADDED from src\main\AndroidManifest.xml:21:5-75
	android:name
		ADDED from src\main\AndroidManifest.xml:21:22-72
uses-permission#android.permission.WRITE_SETTINGS
ADDED from src\main\AndroidManifest.xml:22:5-23:47
	tools:ignore
		ADDED from src\main\AndroidManifest.xml:23:9-44
	android:name
		ADDED from src\main\AndroidManifest.xml:22:22-70
uses-permission#android.permission.RECEIVE_BOOT_COMPLETED
ADDED from src\main\AndroidManifest.xml:25:5-81
	android:name
		ADDED from src\main\AndroidManifest.xml:25:22-78
uses-permission#com.android.alarm.permission.SET_ALARM
ADDED from src\main\AndroidManifest.xml:27:5-77
	android:name
		ADDED from src\main\AndroidManifest.xml:27:22-75
uses-permission#android.permission.ACCESS_NETWORK_STATE
ADDED from src\main\AndroidManifest.xml:28:5-79
MERGED from [com.google.android.gms:play-services-analytics:10.2.0] AndroidManifest.xml:21:5-78
MERGED from [com.google.android.gms:play-services-analytics:10.2.0] AndroidManifest.xml:21:5-78
MERGED from [com.google.android.gms:play-services-ads-lite:10.2.0] AndroidManifest.xml:20:5-78
MERGED from [com.google.android.gms:play-services-ads-lite:10.2.0] AndroidManifest.xml:20:5-78
MERGED from [com.google.android.gms:play-services-analytics-impl:10.2.0] AndroidManifest.xml:21:5-78
MERGED from [com.google.android.gms:play-services-analytics-impl:10.2.0] AndroidManifest.xml:21:5-78
MERGED from [com.google.android.gms:play-services-maps:10.2.0] AndroidManifest.xml:19:5-78
MERGED from [com.google.android.gms:play-services-maps:10.2.0] AndroidManifest.xml:19:5-78
MERGED from [com.google.android.gms:play-services-nearby:10.2.0] AndroidManifest.xml:4:5-78
MERGED from [com.google.android.gms:play-services-nearby:10.2.0] AndroidManifest.xml:4:5-78
MERGED from [com.google.android.gms:play-services-tagmanager-api:10.2.0] AndroidManifest.xml:21:5-78
MERGED from [com.google.android.gms:play-services-tagmanager-api:10.2.0] AndroidManifest.xml:21:5-78
MERGED from [com.google.firebase:firebase-analytics:10.2.0] AndroidManifest.xml:21:5-78
MERGED from [com.google.firebase:firebase-analytics:10.2.0] AndroidManifest.xml:21:5-78
MERGED from [com.google.firebase:firebase-analytics-impl:10.2.0] AndroidManifest.xml:21:5-78
MERGED from [com.google.firebase:firebase-analytics-impl:10.2.0] AndroidManifest.xml:21:5-78
MERGED from [com.google.firebase:firebase-iid:10.2.0] AndroidManifest.xml:19:5-78
MERGED from [com.google.firebase:firebase-iid:10.2.0] AndroidManifest.xml:19:5-78
	android:name
		ADDED from src\main\AndroidManifest.xml:28:22-76
uses-permission#com.google.android.providers.gsf.permission.READ_GSERVICES
ADDED from src\main\AndroidManifest.xml:29:5-98
	android:name
		ADDED from src\main\AndroidManifest.xml:29:22-95
uses-permission#android.permission.CALL_PHONE
ADDED from src\main\AndroidManifest.xml:30:5-68
	android:name
		ADDED from src\main\AndroidManifest.xml:30:22-66
uses-permission#android.permission.ACCESS_FINE_LOCATION
ADDED from src\main\AndroidManifest.xml:31:5-78
	android:name
		ADDED from src\main\AndroidManifest.xml:31:22-76
uses-permission#android.permission.WRITE_EXTERNAL_STORAGE
ADDED from src\main\AndroidManifest.xml:32:5-80
MERGED from [com.mindorks:paracamera:0.2.2] AndroidManifest.xml:11:5-81
MERGED from [com.mindorks:paracamera:0.2.2] AndroidManifest.xml:11:5-81
	android:name
		ADDED from src\main\AndroidManifest.xml:32:22-78
uses-permission#android.permission.READ_EXTERNAL_STORAGE
ADDED from src\main\AndroidManifest.xml:33:5-79
	android:name
		ADDED from src\main\AndroidManifest.xml:33:22-77
uses-permission-sdk-23#android.permission.READ_EXTERNAL_STORAGE
ADDED from src\main\AndroidManifest.xml:34:5-86
	android:name
		ADDED from src\main\AndroidManifest.xml:34:29-84
uses-permission-sdk-23#android.permission.WRITE_EXTERNAL_STORAGE
ADDED from src\main\AndroidManifest.xml:35:5-87
	android:name
		ADDED from src\main\AndroidManifest.xml:35:29-85
uses-permission-sdk-23#android.permission.CAMERA
ADDED from src\main\AndroidManifest.xml:36:5-71
	android:name
		ADDED from src\main\AndroidManifest.xml:36:29-69
uses-permission#android.permission.CAMERA
ADDED from src\main\AndroidManifest.xml:37:5-65
	android:name
		ADDED from src\main\AndroidManifest.xml:37:22-62
uses-feature#android.hardware.camera
ADDED from src\main\AndroidManifest.xml:39:5-73
	android:name
		ADDED from src\main\AndroidManifest.xml:39:19-57
uses-feature#0x00020000
ADDED from src\main\AndroidManifest.xml:42:5-44:35
MERGED from [com.google.android.gms:play-services-maps:10.2.0] AndroidManifest.xml:21:5-77
MERGED from [com.google.android.gms:play-services-maps:10.2.0] AndroidManifest.xml:21:5-77
	android:glEsVersion
		ADDED from src\main\AndroidManifest.xml:43:9-41
	android:required
		ADDED from src\main\AndroidManifest.xml:44:9-32
uses-feature#android.hardware.camera.any
ADDED from src\main\AndroidManifest.xml:46:5-48:35
	android:required
		ADDED from src\main\AndroidManifest.xml:48:9-32
	android:name
		ADDED from src\main\AndroidManifest.xml:47:9-51
uses-feature#android.hardware.camera.autofocus
ADDED from src\main\AndroidManifest.xml:49:5-51:36
	android:required
		ADDED from src\main\AndroidManifest.xml:51:9-33
	android:name
		ADDED from src\main\AndroidManifest.xml:50:9-57
application
ADDED from src\main\AndroidManifest.xml:53:5-211:19
MERGED from [com.android.support:design:25.0.1] AndroidManifest.xml:25:5-20
MERGED from [com.android.support:design:25.0.1] AndroidManifest.xml:25:5-20
MERGED from [com.afollestad:material-camera:0.4.4] AndroidManifest.xml:12:5-20
MERGED from [com.afollestad:material-camera:0.4.4] AndroidManifest.xml:12:5-20
MERGED from [com.afollestad:easyvideoplayer:0.3.0] AndroidManifest.xml:12:5-20
MERGED from [com.afollestad:easyvideoplayer:0.3.0] AndroidManifest.xml:12:5-20
MERGED from [com.afollestad.material-dialogs:core:0.9.1.0] AndroidManifest.xml:13:5-20
MERGED from [com.afollestad.material-dialogs:core:0.9.1.0] AndroidManifest.xml:13:5-20
MERGED from [com.google.android.gms:play-services:10.2.0] AndroidManifest.xml:5:5-20
MERGED from [com.google.android.gms:play-services:10.2.0] AndroidManifest.xml:5:5-20
MERGED from [com.google.android.gms:play-services-cast-framework:10.2.0] AndroidManifest.xml:4:5-8:19
MERGED from [com.google.android.gms:play-services-cast-framework:10.2.0] AndroidManifest.xml:4:5-8:19
MERGED from [com.google.android.gms:play-services-cast:10.2.0] AndroidManifest.xml:18:5-19
MERGED from [com.google.android.gms:play-services-cast:10.2.0] AndroidManifest.xml:18:5-19
MERGED from [com.android.support:mediarouter-v7:24.0.0] AndroidManifest.xml:22:5-20
MERGED from [com.android.support:mediarouter-v7:24.0.0] AndroidManifest.xml:22:5-20
MERGED from [com.android.support:appcompat-v7:25.0.1] AndroidManifest.xml:25:5-20
MERGED from [com.android.support:appcompat-v7:25.0.1] AndroidManifest.xml:25:5-20
MERGED from [com.google.android.gms:play-services-analytics:10.2.0] AndroidManifest.xml:26:5-19
MERGED from [com.google.android.gms:play-services-analytics:10.2.0] AndroidManifest.xml:26:5-19
MERGED from [com.crashlytics.sdk.android:crashlytics:2.6.5] AndroidManifest.xml:11:5-20
MERGED from [com.crashlytics.sdk.android:crashlytics:2.6.5] AndroidManifest.xml:11:5-20
MERGED from [com.github.delight-im:Android-SimpleLocation:v1.0.1] AndroidManifest.xml:9:5-20
MERGED from [com.github.delight-im:Android-SimpleLocation:v1.0.1] AndroidManifest.xml:9:5-20
MERGED from [com.android.support:cardview-v7:25.0.1] AndroidManifest.xml:22:5-20
MERGED from [com.android.support:cardview-v7:25.0.1] AndroidManifest.xml:22:5-20
MERGED from [com.github.gcacace:signature-pad:1.2.1] AndroidManifest.xml:11:5-20
MERGED from [com.github.gcacace:signature-pad:1.2.1] AndroidManifest.xml:11:5-20
MERGED from [com.mcxiaoke.volley:library-aar:1.0.0] AndroidManifest.xml:5:5-19
MERGED from [com.mcxiaoke.volley:library-aar:1.0.0] AndroidManifest.xml:5:5-19
MERGED from [com.mindorks:paracamera:0.2.2] AndroidManifest.xml:13:5-25:19
MERGED from [com.mindorks:paracamera:0.2.2] AndroidManifest.xml:13:5-25:19
MERGED from [com.android.support:transition:25.0.1] AndroidManifest.xml:22:5-20
MERGED from [com.android.support:transition:25.0.1] AndroidManifest.xml:22:5-20
MERGED from [com.google.android.gms:play-services-ads-lite:10.2.0] AndroidManifest.xml:23:5-27:19
MERGED from [com.google.android.gms:play-services-ads-lite:10.2.0] AndroidManifest.xml:23:5-27:19
MERGED from [com.google.android.gms:play-services-tagmanager-v4-impl:10.2.0] AndroidManifest.xml:19:5-19
MERGED from [com.google.android.gms:play-services-tagmanager-v4-impl:10.2.0] AndroidManifest.xml:19:5-19
MERGED from [com.google.android.gms:play-services-analytics-impl:10.2.0] AndroidManifest.xml:26:5-19
MERGED from [com.google.android.gms:play-services-analytics-impl:10.2.0] AndroidManifest.xml:26:5-19
MERGED from [com.google.android.gms:play-services-appinvite:10.2.0] AndroidManifest.xml:19:5-26:19
MERGED from [com.google.android.gms:play-services-appinvite:10.2.0] AndroidManifest.xml:19:5-26:19
MERGED from [com.google.android.gms:play-services-auth:10.2.0] AndroidManifest.xml:19:5-25:19
MERGED from [com.google.android.gms:play-services-auth:10.2.0] AndroidManifest.xml:19:5-25:19
MERGED from [com.google.android.gms:play-services-clearcut:10.2.0] AndroidManifest.xml:18:5-19
MERGED from [com.google.android.gms:play-services-clearcut:10.2.0] AndroidManifest.xml:18:5-19
MERGED from [com.google.firebase:firebase-config:10.2.0] AndroidManifest.xml:18:5-19
MERGED from [com.google.firebase:firebase-config:10.2.0] AndroidManifest.xml:18:5-19
MERGED from [com.google.android.gms:play-services-awareness:10.2.0] AndroidManifest.xml:18:5-19
MERGED from [com.google.android.gms:play-services-awareness:10.2.0] AndroidManifest.xml:18:5-19
MERGED from [com.google.android.gms:play-services-games:10.2.0] AndroidManifest.xml:18:5-19
MERGED from [com.google.android.gms:play-services-games:10.2.0] AndroidManifest.xml:18:5-19
MERGED from [com.google.android.gms:play-services-drive:10.2.0] AndroidManifest.xml:18:5-19
MERGED from [com.google.android.gms:play-services-drive:10.2.0] AndroidManifest.xml:18:5-19
MERGED from [com.google.firebase:firebase-auth:10.2.0] AndroidManifest.xml:19:5-20:19
MERGED from [com.google.firebase:firebase-auth:10.2.0] AndroidManifest.xml:19:5-20:19
MERGED from [com.google.android.gms:play-services-fitness:10.2.0] AndroidManifest.xml:18:5-19
MERGED from [com.google.android.gms:play-services-fitness:10.2.0] AndroidManifest.xml:18:5-19
MERGED from [com.google.android.gms:play-services-gcm:10.2.0] AndroidManifest.xml:23:5-19
MERGED from [com.google.android.gms:play-services-gcm:10.2.0] AndroidManifest.xml:23:5-19
MERGED from [com.google.firebase:firebase-appindexing:10.2.0] AndroidManifest.xml:18:5-19
MERGED from [com.google.firebase:firebase-appindexing:10.2.0] AndroidManifest.xml:18:5-19
MERGED from [com.google.android.gms:play-services-identity:10.2.0] AndroidManifest.xml:18:5-19
MERGED from [com.google.android.gms:play-services-identity:10.2.0] AndroidManifest.xml:18:5-19
MERGED from [com.google.android.gms:play-services-iid:10.2.0] AndroidManifest.xml:23:5-19
MERGED from [com.google.android.gms:play-services-iid:10.2.0] AndroidManifest.xml:23:5-19
MERGED from [com.google.android.gms:play-services-location:10.2.0] AndroidManifest.xml:4:5-19
MERGED from [com.google.android.gms:play-services-location:10.2.0] AndroidManifest.xml:4:5-19
MERGED from [com.google.android.gms:play-services-places:10.2.0] AndroidManifest.xml:18:5-19
MERGED from [com.google.android.gms:play-services-places:10.2.0] AndroidManifest.xml:18:5-19
MERGED from [com.google.android.gms:play-services-maps:10.2.0] AndroidManifest.xml:24:5-19
MERGED from [com.google.android.gms:play-services-maps:10.2.0] AndroidManifest.xml:24:5-19
MERGED from [com.google.android.gms:play-services-nearby:10.2.0] AndroidManifest.xml:5:5-19
MERGED from [com.google.android.gms:play-services-nearby:10.2.0] AndroidManifest.xml:5:5-19
MERGED from [com.google.android.gms:play-services-panorama:10.2.0] AndroidManifest.xml:18:5-19
MERGED from [com.google.android.gms:play-services-panorama:10.2.0] AndroidManifest.xml:18:5-19
MERGED from [com.google.android.gms:play-services-plus:10.2.0] AndroidManifest.xml:18:5-19
MERGED from [com.google.android.gms:play-services-plus:10.2.0] AndroidManifest.xml:18:5-19
MERGED from [com.google.android.gms:play-services-safetynet:10.2.0] AndroidManifest.xml:18:5-19
MERGED from [com.google.android.gms:play-services-safetynet:10.2.0] AndroidManifest.xml:18:5-19
MERGED from [com.google.android.gms:play-services-vision:10.2.0] AndroidManifest.xml:4:5-19
MERGED from [com.google.android.gms:play-services-vision:10.2.0] AndroidManifest.xml:4:5-19
MERGED from [com.google.android.gms:play-services-wearable:10.2.0] AndroidManifest.xml:18:5-19
MERGED from [com.google.android.gms:play-services-wearable:10.2.0] AndroidManifest.xml:18:5-19
MERGED from [com.google.android.gms:play-services-base:10.2.0] AndroidManifest.xml:18:5-20:19
MERGED from [com.google.android.gms:play-services-base:10.2.0] AndroidManifest.xml:18:5-20:19
MERGED from [com.google.firebase:firebase-crash:10.2.0] AndroidManifest.xml:22:5-23:19
MERGED from [com.google.firebase:firebase-crash:10.2.0] AndroidManifest.xml:22:5-23:19
MERGED from [com.google.firebase:firebase-messaging:10.2.0] AndroidManifest.xml:19:5-29:19
MERGED from [com.google.firebase:firebase-messaging:10.2.0] AndroidManifest.xml:19:5-29:19
MERGED from [com.google.android.gms:play-services-tagmanager-api:10.2.0] AndroidManifest.xml:23:5-33:19
MERGED from [com.google.android.gms:play-services-tagmanager-api:10.2.0] AndroidManifest.xml:23:5-33:19
MERGED from [com.google.firebase:firebase-analytics:10.2.0] AndroidManifest.xml:24:5-33:19
MERGED from [com.google.firebase:firebase-analytics:10.2.0] AndroidManifest.xml:24:5-33:19
MERGED from [com.google.firebase:firebase-analytics-impl:10.2.0] AndroidManifest.xml:24:5-28:19
MERGED from [com.google.firebase:firebase-analytics-impl:10.2.0] AndroidManifest.xml:24:5-28:19
MERGED from [com.google.firebase:firebase-iid:10.2.0] AndroidManifest.xml:28:5-50:19
MERGED from [com.google.firebase:firebase-iid:10.2.0] AndroidManifest.xml:28:5-50:19
MERGED from [com.google.firebase:firebase-common:10.2.0] AndroidManifest.xml:4:5-7:19
MERGED from [com.google.firebase:firebase-common:10.2.0] AndroidManifest.xml:4:5-7:19
MERGED from [com.google.android.gms:play-services-gass:10.2.0] AndroidManifest.xml:4:5-19
MERGED from [com.google.android.gms:play-services-gass:10.2.0] AndroidManifest.xml:4:5-19
MERGED from [com.google.android.gms:play-services-tasks:10.2.0] AndroidManifest.xml:4:5-19
MERGED from [com.google.android.gms:play-services-tasks:10.2.0] AndroidManifest.xml:4:5-19
MERGED from [com.google.android.gms:play-services-basement:10.2.0] AndroidManifest.xml:19:5-21:19
MERGED from [com.google.android.gms:play-services-basement:10.2.0] AndroidManifest.xml:19:5-21:19
MERGED from [com.android.support:support-v13:25.0.0] AndroidManifest.xml:25:5-20
MERGED from [com.android.support:support-v13:25.0.0] AndroidManifest.xml:25:5-20
MERGED from [com.android.support:palette-v7:24.0.0] AndroidManifest.xml:22:5-23:19
MERGED from [com.android.support:palette-v7:24.0.0] AndroidManifest.xml:22:5-23:19
MERGED from [com.android.support:support-v4:25.0.1] AndroidManifest.xml:25:5-20